

Microchip Technology PIC18 LITE Macro Assembler V2.00 build -1524193055 
                                                                                               Thu Nov 22 12:23:57 2018

Microchip Technology Omniscient Code Generator v2.00 (Free mode) build 20180527130849
     1  0000                     
     2                           ; Version 2.00
     3                           ; Generated 27/05/2018 GMT
     4                           
     5                           ; 
     6                           ; Copyright © 2018, Microchip Technology Inc. and its subsidiaries ("Microchip")
     7                           ; All rights reserved.
     8                           ; 
     9                           ; This software is developed by Microchip Technology Inc. and its subsidiaries ("Microch
                                 ip").
    10                           ; 
    11                           ; Redistribution and use in source and binary forms, with or without modification, are
    12                           ; permitted provided that the following conditions are met:
    13                           ; 
    14                           ;     1. Redistributions of source code must retain the above copyright notice, this lis
                                 t of
    15                           ;        conditions and the following disclaimer.
    16                           ; 
    17                           ;     2. Redistributions in binary form must reproduce the above copyright notice, this 
                                 list
    18                           ;        of conditions and the following disclaimer in the documentation and/or other
    19                           ;        materials provided with the distribution.
    20                           ; 
    21                           ;     3. Microchip's name may not be used to endorse or promote products derived from th
                                 is
    22                           ;        software without specific prior written permission.
    23                           ; 
    24                           ; THIS SOFTWARE IS PROVIDED BY MICROCHIP "AS IS" AND ANY EXPRESS OR IMPLIED WARRANTIES,

    25                           ; INCLUDING, BUT NOT LIMITED TO, THE IMPLIED WARRANTIES OF MERCHANTABILITY AND FITNESS F
                                 OR
    26                           ; PURPOSE ARE DISCLAIMED.  IN NO EVENT SHALL MICROCHIP BE LIABLE FOR ANY DIRECT, INDIREC
                                 T,
    27                           ; INCIDENTAL, SPECIAL, EXEMPLARY, OR CONSEQUENTIAL DAMAGES (INCLUDING BUT NOT LIMITED TO
                                 
    28                           ; PROCUREMENT OF SUBSTITUTE GOODS OR SERVICES; LOSS OF USE, DATA OR PROFITS; OR BUSINESS
                                 
    29                           ; INTERRUPTION) HOWSOEVER CAUSED AND ON ANY THEORY OF LIABILITY, WHETHER IN CONTRACT, ST
                                 RICT
    30                           ; LIABILITY, OR TORT (INCLUDING NEGLIGENCE OR OTHERWISE) ARISING IN ANY WAY OUT OF THE U
                                 SE OF
    31                           ; THIS SOFTWARE, EVEN IF ADVISED OF THE POSSIBILITY OF SUCH DAMAGE.
    32                           ; 
    33                           
    34                           
    35                           ; 
    36                           ; Code-generator required, PIC18F4331 Definitions
    37                           ; 
    38  0000                     fsr0 equ 0FE9h
    39  0000                     fsr0h equ 0FEAh
    40  0000                     fsr0l equ 0FE9h
    41  0000                     fsr1 equ 0FE1h
    42  0000                     fsr1h equ 0FE2h
    43  0000                     fsr1l equ 0FE1h
    44  0000                     fsr2 equ 0FD9h
    45  0000                     fsr2h equ 0FDAh
    46  0000                     fsr2l equ 0FD9h
    47  0000                     indf0 equ 0FEFh
    48  0000                     indf1 equ 0FE7h
    49  0000                     indf2 equ 0FDFh
    50  0000                     intcon equ 0FF2h
    51  0000                     nvmcon equ 00h
    52  0000                     pcl equ 0FF9h
    53  0000                     pclath equ 0FFAh
    54  0000                     pclatu equ 0FFBh
    55  0000                     plusw0 equ 0FEBh
    56  0000                     plusw1 equ 0FE3h
    57  0000                     plusw2 equ 0FDBh
    58  0000                     postdec0 equ 0FEDh
    59  0000                     postdec1 equ 0FE5h
    60  0000                     postdec2 equ 0FDDh
    61  0000                     postinc0 equ 0FEEh
    62  0000                     postinc1 equ 0FE6h
    63  0000                     postinc2 equ 0FDEh
    64  0000                     preinc0 equ 0FECh
    65  0000                     preinc1 equ 0FE4h
    66  0000                     preinc2 equ 0FDCh
    67  0000                     prod equ 0FF3h
    68  0000                     prodh equ 0FF4h
    69  0000                     prodl equ 0FF3h
    70  0000                     status equ 0FD8h
    71  0000                     tablat equ 0FF5h
    72  0000                     tblptr equ 0FF6h
    73  0000                     tblptrh equ 0FF7h
    74  0000                     tblptrl equ 0FF6h
    75  0000                     tblptru equ 0FF8h
    76  0000                     tosl equ 0FFDh
    77  0000                     wreg equ 0FE8h
    78  0000                     
     2                           opt pagewidth 120
     3  0000                     byte0	macro	val
     4                           	(getbyte(val,0))
     5                           endm
     6  0000                     byte1	macro	val
     7                           	(getbyte(val,1))
     8                           endm
     9  0000                     byte2	macro	val
    10                           	(getbyte(val,2))
    11                           endm
    12  0000                     byte3	macro	val
    13                           	(getbyte(val,3))
    14                           endm
    15  0000                     byte4	macro	val
    16                           	(getbyte(val,4))
    17                           endm
    18  0000                     byte5	macro	val
    19                           	(getbyte(val,5))
    20                           endm
    21  0000                     byte6	macro	val
    22                           	(getbyte(val,6))
    23                           endm
    24  0000                     byte7	macro	val
    25                           	(getbyte(val,7))
    26                           endm
    27  0000                     getword	macro	val,pos
    28                           	(((val) >> (8 * pos)) and 0xffff)
    29                           endm
    30  0000                     word0	macro	val
    31                           	(getword(val,0))
    32                           endm
    33  0000                     word1	macro	val
    34                           	(getword(val,2))
    35                           endm
    36  0000                     word2	macro	val
    37                           	(getword(val,4))
    38                           endm
    39  0000                     word3	macro	val
    40                           	(getword(val,6))
    41                           endm
    42  0000                     gettword	macro	val,pos
    43                           	(((val) >> (8 * pos)) and 0xffffff)
    44                           endm
    45  0000                     tword0	macro	val
    46                           	(gettword(val,0))
    47                           endm
    48  0000                     tword1	macro	val
    49                           	(gettword(val,3))
    50                           endm
    51  0000                     tword2	macro	val
    52                           	(gettword(val,6))
    53                           endm
    54  0000                     getdword	macro	val,pos
    55                           	(((val) >> (8 * pos)) and 0xffffffff)
    56                           endm
    57  0000                     dword0	macro	val
    58                           	(getdword(val,0))
    59                           endm
    60  0000                     dword1	macro	val
    61                           	(getdword(val,4))
    62                           endm
    63  0000                     clrc   macro
    64                           	bcf	status,0
    65                           endm
    66  0000                     setc   macro
    67                           	bsf	status,0
    68                           endm
    69  0000                     clrz   macro
    70                           	bcf	status,2
    71                           endm
    72  0000                     setz   macro
    73                           	bsf	status,2
    74                           endm
    75  0000                     skipnz macro
    76                           	btfsc	status,2
    77                           endm
    78  0000                     skipz  macro
    79                           	btfss	status,2
    80                           endm
    81  0000                     skipnc macro
    82                           	btfsc	status,0
    83                           endm
    84  0000                     skipc  macro
    85                           	btfss	status,0
    86                           endm
    87  0000                     pushw macro
    88                           	movwf postinc1
    89                           endm
    90  0000                     pushf macro arg1
    91                           	movff arg1, postinc1
    92                           endm
    93  0000                     popw macro
    94                           	movf postdec1,f
    95                           	movf indf1,w
    96                           endm
    97  0000                     popf macro arg1
    98                           	movf postdec1,f
    99                           	movff indf1,arg1
   100                           endm
   101  0000                     popfc macro arg1
   102                           	movff plusw1,arg1
   103                           	decfsz fsr1,f
   104                           endm
   105  0000                     	global	__ramtop
   106                           	global	__accesstop
   107                           # 54 "C:\Program Files (x86)\Microchip\xc8\v2.00\pic\include\pic18f4331.h"
   108                           DFLTCON equ 0F60h ;# 
   109  0000                     # 118 "C:\Program Files (x86)\Microchip\xc8\v2.00\pic\include\pic18f4331.h"
   110                           CAP3CON equ 0F61h ;# 
   111  0000                     # 177 "C:\Program Files (x86)\Microchip\xc8\v2.00\pic\include\pic18f4331.h"
   112                           CAP2CON equ 0F62h ;# 
   113  0000                     # 236 "C:\Program Files (x86)\Microchip\xc8\v2.00\pic\include\pic18f4331.h"
   114                           CAP1CON equ 0F63h ;# 
   115  0000                     # 295 "C:\Program Files (x86)\Microchip\xc8\v2.00\pic\include\pic18f4331.h"
   116                           CAP3BUFL equ 0F64h ;# 
   117  0000                     # 300 "C:\Program Files (x86)\Microchip\xc8\v2.00\pic\include\pic18f4331.h"
   118                           MAXCNTL equ 0F64h ;# 
   119  0000                     # 307 "C:\Program Files (x86)\Microchip\xc8\v2.00\pic\include\pic18f4331.h"
   120                           CAP3BUFH equ 0F65h ;# 
   121  0000                     # 312 "C:\Program Files (x86)\Microchip\xc8\v2.00\pic\include\pic18f4331.h"
   122                           MAXCNTH equ 0F65h ;# 
   123  0000                     # 319 "C:\Program Files (x86)\Microchip\xc8\v2.00\pic\include\pic18f4331.h"
   124                           CAP2BUFL equ 0F66h ;# 
   125  0000                     # 324 "C:\Program Files (x86)\Microchip\xc8\v2.00\pic\include\pic18f4331.h"
   126                           POSCNTL equ 0F66h ;# 
   127  0000                     # 331 "C:\Program Files (x86)\Microchip\xc8\v2.00\pic\include\pic18f4331.h"
   128                           CAP2BUFH equ 0F67h ;# 
   129  0000                     # 336 "C:\Program Files (x86)\Microchip\xc8\v2.00\pic\include\pic18f4331.h"
   130                           POSCNTH equ 0F67h ;# 
   131  0000                     # 343 "C:\Program Files (x86)\Microchip\xc8\v2.00\pic\include\pic18f4331.h"
   132                           CAP1BUFL equ 0F68h ;# 
   133  0000                     # 348 "C:\Program Files (x86)\Microchip\xc8\v2.00\pic\include\pic18f4331.h"
   134                           VELRL equ 0F68h ;# 
   135  0000                     # 355 "C:\Program Files (x86)\Microchip\xc8\v2.00\pic\include\pic18f4331.h"
   136                           CAP1BUFH equ 0F69h ;# 
   137  0000                     # 360 "C:\Program Files (x86)\Microchip\xc8\v2.00\pic\include\pic18f4331.h"
   138                           VELRH equ 0F69h ;# 
   139  0000                     # 367 "C:\Program Files (x86)\Microchip\xc8\v2.00\pic\include\pic18f4331.h"
   140                           OVDCONS equ 0F6Ah ;# 
   141  0000                     # 437 "C:\Program Files (x86)\Microchip\xc8\v2.00\pic\include\pic18f4331.h"
   142                           OVDCOND equ 0F6Bh ;# 
   143  0000                     # 507 "C:\Program Files (x86)\Microchip\xc8\v2.00\pic\include\pic18f4331.h"
   144                           FLTCONFIG equ 0F6Ch ;# 
   145  0000                     # 569 "C:\Program Files (x86)\Microchip\xc8\v2.00\pic\include\pic18f4331.h"
   146                           DTCON equ 0F6Dh ;# 
   147  0000                     # 695 "C:\Program Files (x86)\Microchip\xc8\v2.00\pic\include\pic18f4331.h"
   148                           PWMCON1 equ 0F6Eh ;# 
   149  0000                     # 761 "C:\Program Files (x86)\Microchip\xc8\v2.00\pic\include\pic18f4331.h"
   150                           PWMCON0 equ 0F6Fh ;# 
   151  0000                     # 831 "C:\Program Files (x86)\Microchip\xc8\v2.00\pic\include\pic18f4331.h"
   152                           SEVTCMPH equ 0F70h ;# 
   153  0000                     # 838 "C:\Program Files (x86)\Microchip\xc8\v2.00\pic\include\pic18f4331.h"
   154                           SEVTCMPL equ 0F71h ;# 
   155  0000                     # 845 "C:\Program Files (x86)\Microchip\xc8\v2.00\pic\include\pic18f4331.h"
   156                           PDC3H equ 0F72h ;# 
   157  0000                     # 852 "C:\Program Files (x86)\Microchip\xc8\v2.00\pic\include\pic18f4331.h"
   158                           PDC3L equ 0F73h ;# 
   159  0000                     # 859 "C:\Program Files (x86)\Microchip\xc8\v2.00\pic\include\pic18f4331.h"
   160                           PDC2H equ 0F74h ;# 
   161  0000                     # 866 "C:\Program Files (x86)\Microchip\xc8\v2.00\pic\include\pic18f4331.h"
   162                           PDC2L equ 0F75h ;# 
   163  0000                     # 873 "C:\Program Files (x86)\Microchip\xc8\v2.00\pic\include\pic18f4331.h"
   164                           PDC1H equ 0F76h ;# 
   165  0000                     # 880 "C:\Program Files (x86)\Microchip\xc8\v2.00\pic\include\pic18f4331.h"
   166                           PDC1L equ 0F77h ;# 
   167  0000                     # 887 "C:\Program Files (x86)\Microchip\xc8\v2.00\pic\include\pic18f4331.h"
   168                           PDC0H equ 0F78h ;# 
   169  0000                     # 894 "C:\Program Files (x86)\Microchip\xc8\v2.00\pic\include\pic18f4331.h"
   170                           PDC0L equ 0F79h ;# 
   171  0000                     # 901 "C:\Program Files (x86)\Microchip\xc8\v2.00\pic\include\pic18f4331.h"
   172                           PTPERH equ 0F7Ah ;# 
   173  0000                     # 908 "C:\Program Files (x86)\Microchip\xc8\v2.00\pic\include\pic18f4331.h"
   174                           PTPERL equ 0F7Bh ;# 
   175  0000                     # 915 "C:\Program Files (x86)\Microchip\xc8\v2.00\pic\include\pic18f4331.h"
   176                           PTMRH equ 0F7Ch ;# 
   177  0000                     # 922 "C:\Program Files (x86)\Microchip\xc8\v2.00\pic\include\pic18f4331.h"
   178                           PTMRL equ 0F7Dh ;# 
   179  0000                     # 929 "C:\Program Files (x86)\Microchip\xc8\v2.00\pic\include\pic18f4331.h"
   180                           PTCON1 equ 0F7Eh ;# 
   181  0000                     # 956 "C:\Program Files (x86)\Microchip\xc8\v2.00\pic\include\pic18f4331.h"
   182                           PTCON0 equ 0F7Fh ;# 
   183  0000                     # 1038 "C:\Program Files (x86)\Microchip\xc8\v2.00\pic\include\pic18f4331.h"
   184                           PORTA equ 0F80h ;# 
   185  0000                     # 1199 "C:\Program Files (x86)\Microchip\xc8\v2.00\pic\include\pic18f4331.h"
   186                           PORTB equ 0F81h ;# 
   187  0000                     # 1270 "C:\Program Files (x86)\Microchip\xc8\v2.00\pic\include\pic18f4331.h"
   188                           PORTC equ 0F82h ;# 
   189  0000                     # 1536 "C:\Program Files (x86)\Microchip\xc8\v2.00\pic\include\pic18f4331.h"
   190                           PORTD equ 0F83h ;# 
   191  0000                     # 1607 "C:\Program Files (x86)\Microchip\xc8\v2.00\pic\include\pic18f4331.h"
   192                           PORTE equ 0F84h ;# 
   193  0000                     # 1733 "C:\Program Files (x86)\Microchip\xc8\v2.00\pic\include\pic18f4331.h"
   194                           TMR5 equ 0F87h ;# 
   195  0000                     # 1740 "C:\Program Files (x86)\Microchip\xc8\v2.00\pic\include\pic18f4331.h"
   196                           TMR5L equ 0F87h ;# 
   197  0000                     # 1747 "C:\Program Files (x86)\Microchip\xc8\v2.00\pic\include\pic18f4331.h"
   198                           TMR5H equ 0F88h ;# 
   199  0000                     # 1754 "C:\Program Files (x86)\Microchip\xc8\v2.00\pic\include\pic18f4331.h"
   200                           LATA equ 0F89h ;# 
   201  0000                     # 1866 "C:\Program Files (x86)\Microchip\xc8\v2.00\pic\include\pic18f4331.h"
   202                           LATB equ 0F8Ah ;# 
   203  0000                     # 1978 "C:\Program Files (x86)\Microchip\xc8\v2.00\pic\include\pic18f4331.h"
   204                           LATC equ 0F8Bh ;# 
   205  0000                     # 2090 "C:\Program Files (x86)\Microchip\xc8\v2.00\pic\include\pic18f4331.h"
   206                           LATD equ 0F8Ch ;# 
   207  0000                     # 2202 "C:\Program Files (x86)\Microchip\xc8\v2.00\pic\include\pic18f4331.h"
   208                           LATE equ 0F8Dh ;# 
   209  0000                     # 2254 "C:\Program Files (x86)\Microchip\xc8\v2.00\pic\include\pic18f4331.h"
   210                           PR5 equ 0F90h ;# 
   211  0000                     # 2261 "C:\Program Files (x86)\Microchip\xc8\v2.00\pic\include\pic18f4331.h"
   212                           PR5L equ 0F90h ;# 
   213  0000                     # 2268 "C:\Program Files (x86)\Microchip\xc8\v2.00\pic\include\pic18f4331.h"
   214                           PR5H equ 0F91h ;# 
   215  0000                     # 2275 "C:\Program Files (x86)\Microchip\xc8\v2.00\pic\include\pic18f4331.h"
   216                           TRISA equ 0F92h ;# 
   217  0000                     # 2280 "C:\Program Files (x86)\Microchip\xc8\v2.00\pic\include\pic18f4331.h"
   218                           DDRA equ 0F92h ;# 
   219  0000                     # 2497 "C:\Program Files (x86)\Microchip\xc8\v2.00\pic\include\pic18f4331.h"
   220                           TRISB equ 0F93h ;# 
   221  0000                     # 2502 "C:\Program Files (x86)\Microchip\xc8\v2.00\pic\include\pic18f4331.h"
   222                           DDRB equ 0F93h ;# 
   223  0000                     # 2719 "C:\Program Files (x86)\Microchip\xc8\v2.00\pic\include\pic18f4331.h"
   224                           TRISC equ 0F94h ;# 
   225  0000                     # 2724 "C:\Program Files (x86)\Microchip\xc8\v2.00\pic\include\pic18f4331.h"
   226                           DDRC equ 0F94h ;# 
   227  0000                     # 2941 "C:\Program Files (x86)\Microchip\xc8\v2.00\pic\include\pic18f4331.h"
   228                           TRISD equ 0F95h ;# 
   229  0000                     # 2946 "C:\Program Files (x86)\Microchip\xc8\v2.00\pic\include\pic18f4331.h"
   230                           DDRD equ 0F95h ;# 
   231  0000                     # 3163 "C:\Program Files (x86)\Microchip\xc8\v2.00\pic\include\pic18f4331.h"
   232                           TRISE equ 0F96h ;# 
   233  0000                     # 3168 "C:\Program Files (x86)\Microchip\xc8\v2.00\pic\include\pic18f4331.h"
   234                           DDRE equ 0F96h ;# 
   235  0000                     # 3265 "C:\Program Files (x86)\Microchip\xc8\v2.00\pic\include\pic18f4331.h"
   236                           ADCHS equ 0F99h ;# 
   237  0000                     # 3403 "C:\Program Files (x86)\Microchip\xc8\v2.00\pic\include\pic18f4331.h"
   238                           ADCON3 equ 0F9Ah ;# 
   239  0000                     # 3475 "C:\Program Files (x86)\Microchip\xc8\v2.00\pic\include\pic18f4331.h"
   240                           OSCTUNE equ 0F9Bh ;# 
   241  0000                     # 3533 "C:\Program Files (x86)\Microchip\xc8\v2.00\pic\include\pic18f4331.h"
   242                           PIE1 equ 0F9Dh ;# 
   243  0000                     # 3613 "C:\Program Files (x86)\Microchip\xc8\v2.00\pic\include\pic18f4331.h"
   244                           PIR1 equ 0F9Eh ;# 
   245  0000                     # 3693 "C:\Program Files (x86)\Microchip\xc8\v2.00\pic\include\pic18f4331.h"
   246                           IPR1 equ 0F9Fh ;# 
   247  0000                     # 3773 "C:\Program Files (x86)\Microchip\xc8\v2.00\pic\include\pic18f4331.h"
   248                           PIE2 equ 0FA0h ;# 
   249  0000                     # 3814 "C:\Program Files (x86)\Microchip\xc8\v2.00\pic\include\pic18f4331.h"
   250                           PIR2 equ 0FA1h ;# 
   251  0000                     # 3855 "C:\Program Files (x86)\Microchip\xc8\v2.00\pic\include\pic18f4331.h"
   252                           IPR2 equ 0FA2h ;# 
   253  0000                     # 3896 "C:\Program Files (x86)\Microchip\xc8\v2.00\pic\include\pic18f4331.h"
   254                           PIE3 equ 0FA3h ;# 
   255  0000                     # 3988 "C:\Program Files (x86)\Microchip\xc8\v2.00\pic\include\pic18f4331.h"
   256                           PIR3 equ 0FA4h ;# 
   257  0000                     # 4048 "C:\Program Files (x86)\Microchip\xc8\v2.00\pic\include\pic18f4331.h"
   258                           IPR3 equ 0FA5h ;# 
   259  0000                     # 4108 "C:\Program Files (x86)\Microchip\xc8\v2.00\pic\include\pic18f4331.h"
   260                           EECON1 equ 0FA6h ;# 
   261  0000                     # 4174 "C:\Program Files (x86)\Microchip\xc8\v2.00\pic\include\pic18f4331.h"
   262                           EECON2 equ 0FA7h ;# 
   263  0000                     # 4181 "C:\Program Files (x86)\Microchip\xc8\v2.00\pic\include\pic18f4331.h"
   264                           EEDATA equ 0FA8h ;# 
   265  0000                     # 4188 "C:\Program Files (x86)\Microchip\xc8\v2.00\pic\include\pic18f4331.h"
   266                           EEADR equ 0FA9h ;# 
   267  0000                     # 4195 "C:\Program Files (x86)\Microchip\xc8\v2.00\pic\include\pic18f4331.h"
   268                           BAUDCON equ 0FAAh ;# 
   269  0000                     # 4200 "C:\Program Files (x86)\Microchip\xc8\v2.00\pic\include\pic18f4331.h"
   270                           BAUDCTL equ 0FAAh ;# 
   271  0000                     # 4375 "C:\Program Files (x86)\Microchip\xc8\v2.00\pic\include\pic18f4331.h"
   272                           RCSTA equ 0FABh ;# 
   273  0000                     # 4380 "C:\Program Files (x86)\Microchip\xc8\v2.00\pic\include\pic18f4331.h"
   274                           RCSTA1 equ 0FABh ;# 
   275  0000                     # 4585 "C:\Program Files (x86)\Microchip\xc8\v2.00\pic\include\pic18f4331.h"
   276                           TXSTA equ 0FACh ;# 
   277  0000                     # 4590 "C:\Program Files (x86)\Microchip\xc8\v2.00\pic\include\pic18f4331.h"
   278                           TXSTA1 equ 0FACh ;# 
   279  0000                     # 4841 "C:\Program Files (x86)\Microchip\xc8\v2.00\pic\include\pic18f4331.h"
   280                           TXREG equ 0FADh ;# 
   281  0000                     # 4846 "C:\Program Files (x86)\Microchip\xc8\v2.00\pic\include\pic18f4331.h"
   282                           TXREG1 equ 0FADh ;# 
   283  0000                     # 4853 "C:\Program Files (x86)\Microchip\xc8\v2.00\pic\include\pic18f4331.h"
   284                           RCREG equ 0FAEh ;# 
   285  0000                     # 4858 "C:\Program Files (x86)\Microchip\xc8\v2.00\pic\include\pic18f4331.h"
   286                           RCREG1 equ 0FAEh ;# 
   287  0000                     # 4865 "C:\Program Files (x86)\Microchip\xc8\v2.00\pic\include\pic18f4331.h"
   288                           SPBRG equ 0FAFh ;# 
   289  0000                     # 4870 "C:\Program Files (x86)\Microchip\xc8\v2.00\pic\include\pic18f4331.h"
   290                           SPBRG1 equ 0FAFh ;# 
   291  0000                     # 4877 "C:\Program Files (x86)\Microchip\xc8\v2.00\pic\include\pic18f4331.h"
   292                           SPBRGH equ 0FB0h ;# 
   293  0000                     # 4884 "C:\Program Files (x86)\Microchip\xc8\v2.00\pic\include\pic18f4331.h"
   294                           QEICON equ 0FB6h ;# 
   295  0000                     # 5036 "C:\Program Files (x86)\Microchip\xc8\v2.00\pic\include\pic18f4331.h"
   296                           T5CON equ 0FB7h ;# 
   297  0000                     # 5154 "C:\Program Files (x86)\Microchip\xc8\v2.00\pic\include\pic18f4331.h"
   298                           ANSEL0 equ 0FB8h ;# 
   299  0000                     # 5216 "C:\Program Files (x86)\Microchip\xc8\v2.00\pic\include\pic18f4331.h"
   300                           ANSEL1 equ 0FB9h ;# 
   301  0000                     # 5236 "C:\Program Files (x86)\Microchip\xc8\v2.00\pic\include\pic18f4331.h"
   302                           CCP2CON equ 0FBAh ;# 
   303  0000                     # 5315 "C:\Program Files (x86)\Microchip\xc8\v2.00\pic\include\pic18f4331.h"
   304                           CCPR2 equ 0FBBh ;# 
   305  0000                     # 5322 "C:\Program Files (x86)\Microchip\xc8\v2.00\pic\include\pic18f4331.h"
   306                           CCPR2L equ 0FBBh ;# 
   307  0000                     # 5329 "C:\Program Files (x86)\Microchip\xc8\v2.00\pic\include\pic18f4331.h"
   308                           CCPR2H equ 0FBCh ;# 
   309  0000                     # 5336 "C:\Program Files (x86)\Microchip\xc8\v2.00\pic\include\pic18f4331.h"
   310                           CCP1CON equ 0FBDh ;# 
   311  0000                     # 5415 "C:\Program Files (x86)\Microchip\xc8\v2.00\pic\include\pic18f4331.h"
   312                           CCPR1 equ 0FBEh ;# 
   313  0000                     # 5422 "C:\Program Files (x86)\Microchip\xc8\v2.00\pic\include\pic18f4331.h"
   314                           CCPR1L equ 0FBEh ;# 
   315  0000                     # 5429 "C:\Program Files (x86)\Microchip\xc8\v2.00\pic\include\pic18f4331.h"
   316                           CCPR1H equ 0FBFh ;# 
   317  0000                     # 5436 "C:\Program Files (x86)\Microchip\xc8\v2.00\pic\include\pic18f4331.h"
   318                           ADCON2 equ 0FC0h ;# 
   319  0000                     # 5512 "C:\Program Files (x86)\Microchip\xc8\v2.00\pic\include\pic18f4331.h"
   320                           ADCON1 equ 0FC1h ;# 
   321  0000                     # 5608 "C:\Program Files (x86)\Microchip\xc8\v2.00\pic\include\pic18f4331.h"
   322                           ADCON0 equ 0FC2h ;# 
   323  0000                     # 5727 "C:\Program Files (x86)\Microchip\xc8\v2.00\pic\include\pic18f4331.h"
   324                           ADRES equ 0FC3h ;# 
   325  0000                     # 5734 "C:\Program Files (x86)\Microchip\xc8\v2.00\pic\include\pic18f4331.h"
   326                           ADRESL equ 0FC3h ;# 
   327  0000                     # 5741 "C:\Program Files (x86)\Microchip\xc8\v2.00\pic\include\pic18f4331.h"
   328                           ADRESH equ 0FC4h ;# 
   329  0000                     # 5748 "C:\Program Files (x86)\Microchip\xc8\v2.00\pic\include\pic18f4331.h"
   330                           SSPCON equ 0FC6h ;# 
   331  0000                     # 5753 "C:\Program Files (x86)\Microchip\xc8\v2.00\pic\include\pic18f4331.h"
   332                           SSPCON1 equ 0FC6h ;# 
   333  0000                     # 5886 "C:\Program Files (x86)\Microchip\xc8\v2.00\pic\include\pic18f4331.h"
   334                           SSPSTAT equ 0FC7h ;# 
   335  0000                     # 6107 "C:\Program Files (x86)\Microchip\xc8\v2.00\pic\include\pic18f4331.h"
   336                           SSPADD equ 0FC8h ;# 
   337  0000                     # 6114 "C:\Program Files (x86)\Microchip\xc8\v2.00\pic\include\pic18f4331.h"
   338                           SSPBUF equ 0FC9h ;# 
   339  0000                     # 6121 "C:\Program Files (x86)\Microchip\xc8\v2.00\pic\include\pic18f4331.h"
   340                           T2CON equ 0FCAh ;# 
   341  0000                     # 6219 "C:\Program Files (x86)\Microchip\xc8\v2.00\pic\include\pic18f4331.h"
   342                           PR2 equ 0FCBh ;# 
   343  0000                     # 6224 "C:\Program Files (x86)\Microchip\xc8\v2.00\pic\include\pic18f4331.h"
   344                           MEMCON equ 0FCBh ;# 
   345  0000                     # 6329 "C:\Program Files (x86)\Microchip\xc8\v2.00\pic\include\pic18f4331.h"
   346                           TMR2 equ 0FCCh ;# 
   347  0000                     # 6336 "C:\Program Files (x86)\Microchip\xc8\v2.00\pic\include\pic18f4331.h"
   348                           T1CON equ 0FCDh ;# 
   349  0000                     # 6448 "C:\Program Files (x86)\Microchip\xc8\v2.00\pic\include\pic18f4331.h"
   350                           TMR1 equ 0FCEh ;# 
   351  0000                     # 6455 "C:\Program Files (x86)\Microchip\xc8\v2.00\pic\include\pic18f4331.h"
   352                           TMR1L equ 0FCEh ;# 
   353  0000                     # 6462 "C:\Program Files (x86)\Microchip\xc8\v2.00\pic\include\pic18f4331.h"
   354                           TMR1H equ 0FCFh ;# 
   355  0000                     # 6469 "C:\Program Files (x86)\Microchip\xc8\v2.00\pic\include\pic18f4331.h"
   356                           RCON equ 0FD0h ;# 
   357  0000                     # 6612 "C:\Program Files (x86)\Microchip\xc8\v2.00\pic\include\pic18f4331.h"
   358                           WDTCON equ 0FD1h ;# 
   359  0000                     # 6639 "C:\Program Files (x86)\Microchip\xc8\v2.00\pic\include\pic18f4331.h"
   360                           LVDCON equ 0FD2h ;# 
   361  0000                     # 6704 "C:\Program Files (x86)\Microchip\xc8\v2.00\pic\include\pic18f4331.h"
   362                           OSCCON equ 0FD3h ;# 
   363  0000                     # 6790 "C:\Program Files (x86)\Microchip\xc8\v2.00\pic\include\pic18f4331.h"
   364                           T0CON equ 0FD5h ;# 
   365  0000                     # 6866 "C:\Program Files (x86)\Microchip\xc8\v2.00\pic\include\pic18f4331.h"
   366                           TMR0 equ 0FD6h ;# 
   367  0000                     # 6873 "C:\Program Files (x86)\Microchip\xc8\v2.00\pic\include\pic18f4331.h"
   368                           TMR0L equ 0FD6h ;# 
   369  0000                     # 6880 "C:\Program Files (x86)\Microchip\xc8\v2.00\pic\include\pic18f4331.h"
   370                           TMR0H equ 0FD7h ;# 
   371  0000                     # 6887 "C:\Program Files (x86)\Microchip\xc8\v2.00\pic\include\pic18f4331.h"
   372                           STATUS equ 0FD8h ;# 
   373  0000                     # 6958 "C:\Program Files (x86)\Microchip\xc8\v2.00\pic\include\pic18f4331.h"
   374                           FSR2 equ 0FD9h ;# 
   375  0000                     # 6965 "C:\Program Files (x86)\Microchip\xc8\v2.00\pic\include\pic18f4331.h"
   376                           FSR2L equ 0FD9h ;# 
   377  0000                     # 6972 "C:\Program Files (x86)\Microchip\xc8\v2.00\pic\include\pic18f4331.h"
   378                           FSR2H equ 0FDAh ;# 
   379  0000                     # 6979 "C:\Program Files (x86)\Microchip\xc8\v2.00\pic\include\pic18f4331.h"
   380                           PLUSW2 equ 0FDBh ;# 
   381  0000                     # 6986 "C:\Program Files (x86)\Microchip\xc8\v2.00\pic\include\pic18f4331.h"
   382                           PREINC2 equ 0FDCh ;# 
   383  0000                     # 6993 "C:\Program Files (x86)\Microchip\xc8\v2.00\pic\include\pic18f4331.h"
   384                           POSTDEC2 equ 0FDDh ;# 
   385  0000                     # 7000 "C:\Program Files (x86)\Microchip\xc8\v2.00\pic\include\pic18f4331.h"
   386                           POSTINC2 equ 0FDEh ;# 
   387  0000                     # 7007 "C:\Program Files (x86)\Microchip\xc8\v2.00\pic\include\pic18f4331.h"
   388                           INDF2 equ 0FDFh ;# 
   389  0000                     # 7014 "C:\Program Files (x86)\Microchip\xc8\v2.00\pic\include\pic18f4331.h"
   390                           BSR equ 0FE0h ;# 
   391  0000                     # 7021 "C:\Program Files (x86)\Microchip\xc8\v2.00\pic\include\pic18f4331.h"
   392                           FSR1 equ 0FE1h ;# 
   393  0000                     # 7028 "C:\Program Files (x86)\Microchip\xc8\v2.00\pic\include\pic18f4331.h"
   394                           FSR1L equ 0FE1h ;# 
   395  0000                     # 7035 "C:\Program Files (x86)\Microchip\xc8\v2.00\pic\include\pic18f4331.h"
   396                           FSR1H equ 0FE2h ;# 
   397  0000                     # 7042 "C:\Program Files (x86)\Microchip\xc8\v2.00\pic\include\pic18f4331.h"
   398                           PLUSW1 equ 0FE3h ;# 
   399  0000                     # 7049 "C:\Program Files (x86)\Microchip\xc8\v2.00\pic\include\pic18f4331.h"
   400                           PREINC1 equ 0FE4h ;# 
   401  0000                     # 7056 "C:\Program Files (x86)\Microchip\xc8\v2.00\pic\include\pic18f4331.h"
   402                           POSTDEC1 equ 0FE5h ;# 
   403  0000                     # 7063 "C:\Program Files (x86)\Microchip\xc8\v2.00\pic\include\pic18f4331.h"
   404                           POSTINC1 equ 0FE6h ;# 
   405  0000                     # 7070 "C:\Program Files (x86)\Microchip\xc8\v2.00\pic\include\pic18f4331.h"
   406                           INDF1 equ 0FE7h ;# 
   407  0000                     # 7077 "C:\Program Files (x86)\Microchip\xc8\v2.00\pic\include\pic18f4331.h"
   408                           WREG equ 0FE8h ;# 
   409  0000                     # 7084 "C:\Program Files (x86)\Microchip\xc8\v2.00\pic\include\pic18f4331.h"
   410                           FSR0 equ 0FE9h ;# 
   411  0000                     # 7091 "C:\Program Files (x86)\Microchip\xc8\v2.00\pic\include\pic18f4331.h"
   412                           FSR0L equ 0FE9h ;# 
   413  0000                     # 7098 "C:\Program Files (x86)\Microchip\xc8\v2.00\pic\include\pic18f4331.h"
   414                           FSR0H equ 0FEAh ;# 
   415  0000                     # 7105 "C:\Program Files (x86)\Microchip\xc8\v2.00\pic\include\pic18f4331.h"
   416                           PLUSW0 equ 0FEBh ;# 
   417  0000                     # 7112 "C:\Program Files (x86)\Microchip\xc8\v2.00\pic\include\pic18f4331.h"
   418                           PREINC0 equ 0FECh ;# 
   419  0000                     # 7119 "C:\Program Files (x86)\Microchip\xc8\v2.00\pic\include\pic18f4331.h"
   420                           POSTDEC0 equ 0FEDh ;# 
   421  0000                     # 7126 "C:\Program Files (x86)\Microchip\xc8\v2.00\pic\include\pic18f4331.h"
   422                           POSTINC0 equ 0FEEh ;# 
   423  0000                     # 7133 "C:\Program Files (x86)\Microchip\xc8\v2.00\pic\include\pic18f4331.h"
   424                           INDF0 equ 0FEFh ;# 
   425  0000                     # 7140 "C:\Program Files (x86)\Microchip\xc8\v2.00\pic\include\pic18f4331.h"
   426                           INTCON3 equ 0FF0h ;# 
   427  0000                     # 7232 "C:\Program Files (x86)\Microchip\xc8\v2.00\pic\include\pic18f4331.h"
   428                           INTCON2 equ 0FF1h ;# 
   429  0000                     # 7309 "C:\Program Files (x86)\Microchip\xc8\v2.00\pic\include\pic18f4331.h"
   430                           INTCON equ 0FF2h ;# 
   431  0000                     # 7426 "C:\Program Files (x86)\Microchip\xc8\v2.00\pic\include\pic18f4331.h"
   432                           PROD equ 0FF3h ;# 
   433  0000                     # 7433 "C:\Program Files (x86)\Microchip\xc8\v2.00\pic\include\pic18f4331.h"
   434                           PRODL equ 0FF3h ;# 
   435  0000                     # 7440 "C:\Program Files (x86)\Microchip\xc8\v2.00\pic\include\pic18f4331.h"
   436                           PRODH equ 0FF4h ;# 
   437  0000                     # 7447 "C:\Program Files (x86)\Microchip\xc8\v2.00\pic\include\pic18f4331.h"
   438                           TABLAT equ 0FF5h ;# 
   439  0000                     # 7456 "C:\Program Files (x86)\Microchip\xc8\v2.00\pic\include\pic18f4331.h"
   440                           TBLPTR equ 0FF6h ;# 
   441  0000                     # 7463 "C:\Program Files (x86)\Microchip\xc8\v2.00\pic\include\pic18f4331.h"
   442                           TBLPTRL equ 0FF6h ;# 
   443  0000                     # 7470 "C:\Program Files (x86)\Microchip\xc8\v2.00\pic\include\pic18f4331.h"
   444                           TBLPTRH equ 0FF7h ;# 
   445  0000                     # 7477 "C:\Program Files (x86)\Microchip\xc8\v2.00\pic\include\pic18f4331.h"
   446                           TBLPTRU equ 0FF8h ;# 
   447  0000                     # 7486 "C:\Program Files (x86)\Microchip\xc8\v2.00\pic\include\pic18f4331.h"
   448                           PCLAT equ 0FF9h ;# 
   449  0000                     # 7493 "C:\Program Files (x86)\Microchip\xc8\v2.00\pic\include\pic18f4331.h"
   450                           PC equ 0FF9h ;# 
   451  0000                     # 7500 "C:\Program Files (x86)\Microchip\xc8\v2.00\pic\include\pic18f4331.h"
   452                           PCL equ 0FF9h ;# 
   453  0000                     # 7507 "C:\Program Files (x86)\Microchip\xc8\v2.00\pic\include\pic18f4331.h"
   454                           PCLATH equ 0FFAh ;# 
   455  0000                     # 7514 "C:\Program Files (x86)\Microchip\xc8\v2.00\pic\include\pic18f4331.h"
   456                           PCLATU equ 0FFBh ;# 
   457  0000                     # 7521 "C:\Program Files (x86)\Microchip\xc8\v2.00\pic\include\pic18f4331.h"
   458                           STKPTR equ 0FFCh ;# 
   459  0000                     # 7595 "C:\Program Files (x86)\Microchip\xc8\v2.00\pic\include\pic18f4331.h"
   460                           TOS equ 0FFDh ;# 
   461  0000                     # 7602 "C:\Program Files (x86)\Microchip\xc8\v2.00\pic\include\pic18f4331.h"
   462                           TOSL equ 0FFDh ;# 
   463  0000                     # 7609 "C:\Program Files (x86)\Microchip\xc8\v2.00\pic\include\pic18f4331.h"
   464                           TOSH equ 0FFEh ;# 
   465  0000                     # 7616 "C:\Program Files (x86)\Microchip\xc8\v2.00\pic\include\pic18f4331.h"
   466                           TOSU equ 0FFFh ;# 
   467  0000                     	FNCALL	_main,_init_TIMER5
   468                           	FNROOT	_main
   469                           	global	_T5CONbits
   470                           _T5CONbits	set	0xFB7
   471  0000                     ; #config settings
   472                           	file	"C:\Users\ha3115\AppData\Local\Temp\s3r0."
   473                           	line	#
   474                           psect	cinit,class=CODE,delta=1,reloc=2
   475                           global __pcinit
   476                           __pcinit:
   477  001FE2                     global start_initialization
   478                           start_initialization:
   479  001FE2                     
   480                           global __initialization
   481                           __initialization:
   482  001FE2                     psect cinit,class=CODE,delta=1
   483                           global end_of_initialization,__end_of__initialization
   484                           
   485                           ;End of C runtime variable initialization code
   486                           
   487                           end_of_initialization:
   488  001FE2                     __end_of__initialization:
   489  001FE2                     movlb 0
   490  001FE2  0100               goto _main	;jump to C main() function
   491  001FE4  EFF4  F00F         psect	cstackCOMRAM,class=COMRAM,space=1,noexec
   492                           global __pcstackCOMRAM
   493                           __pcstackCOMRAM:
   494  000000                     ?_init_TIMER5:	; 1 bytes @ 0x0
   495  000000                     ??_init_TIMER5:	; 1 bytes @ 0x0
   496  000000                     ?_main:	; 1 bytes @ 0x0
   497  000000                     ??_main:	; 1 bytes @ 0x0
   498  000000                     ;!
   499                           ;!Data Sizes:
   500                           ;!    Strings     0
   501                           ;!    Constant    0
   502                           ;!    Data        0
   503                           ;!    BSS         0
   504                           ;!    Persistent  0
   505                           ;!    Stack       0
   506                           ;!
   507                           ;!Auto Spaces:
   508                           ;!    Space          Size  Autos    Used
   509                           ;!    COMRAM           95      0       0
   510                           ;!    BANK0           160      0       0
   511                           ;!    BANK1           256      0       0
   512                           ;!    BANK2           256      0       0
   513                           
   514                           ;!
   515                           ;!Pointer List with Targets:
   516                           ;!
   517                           ;!    None.
   518                           
   519                           
   520                           ;!
   521                           ;!Critical Paths under _main in COMRAM
   522                           ;!
   523                           ;!    None.
   524                           ;!
   525                           ;!Critical Paths under _main in BANK0
   526                           ;!
   527                           ;!    None.
   528                           ;!
   529                           ;!Critical Paths under _main in BANK1
   530                           ;!
   531                           ;!    None.
   532                           ;!
   533                           ;!Critical Paths under _main in BANK2
   534                           ;!
   535                           ;!    None.
   536                           
   537 ;;
   538 ;;Main: autosize = 0, tempsize = 0, incstack = 0, save=0
   539 ;;
   540                           
   541                           ;!
   542                           ;!Call Graph Tables:
   543                           ;!
   544                           ;! ---------------------------------------------------------------------------------
   545                           ;! (Depth) Function   	        Calls       Base Space   Used Autos Params    Refs
   546                           ;! ---------------------------------------------------------------------------------
   547                           ;! (0) _main                                                 0     0      0       0
   548                           ;!                        _init_TIMER5
   549                           ;! ---------------------------------------------------------------------------------
   550                           ;! (1) _init_TIMER5                                          0     0      0       0
   551                           ;! ---------------------------------------------------------------------------------
   552                           ;! Estimated maximum stack depth 1
   553                           ;! ---------------------------------------------------------------------------------
   554                           ;!
   555                           ;! Call Graph Graphs:
   556                           ;!
   557                           ;! _main (ROOT)
   558                           ;!   _init_TIMER5
   559                           ;!
   560                           
   561                           ;! Address spaces:
   562                           
   563                           ;!Name               Size   Autos  Total    Cost      Usage
   564                           ;!BITCOMRAM           5F      0       0       0        0.0%
   565                           ;!EEDATA             100      0       0       0        0.0%
   566                           ;!NULL                 0      0       0       0        0.0%
   567                           ;!CODE                 0      0       0       0        0.0%
   568                           ;!COMRAM              5F      0       0       1        0.0%
   569                           ;!STACK                0      0       0       2        0.0%
   570                           ;!ABS                  0      0       0       3        0.0%
   571                           ;!BITBANK0            A0      0       0       4        0.0%
   572                           ;!BANK0               A0      0       0       5        0.0%
   573                           ;!BITBANK1           100      0       0       6        0.0%
   574                           ;!BANK1              100      0       0       7        0.0%
   575                           ;!BITBANK2           100      0       0       8        0.0%
   576                           ;!BANK2              100      0       0       9        0.0%
   577                           ;!BIGRAM             2FF      0       0      10        0.0%
   578                           ;!DATA                 0      0       0      11        0.0%
   579                           ;!BITSFR               0      0       0     200        0.0%
   580                           ;!SFR                  0      0       0     200        0.0%
   581                           
   582                           	global	_main
   583                           
   584 ;; *************** function _main *****************
   585 ;; Defined at:
   586 ;;		line 27 in file "centre.c"
   587 ;; Parameters:    Size  Location     Type
   588 ;;		None
   589 ;; Auto vars:     Size  Location     Type
   590 ;;		None
   591 ;; Return value:  Size  Location     Type
   592 ;;                  1    wreg      void 
   593 ;; Registers used:
   594 ;;		wreg, status,2, cstack
   595 ;; Tracked objects:
   596 ;;		On entry : 0/0
   597 ;;		On exit  : 0/0
   598 ;;		Unchanged: 0/0
   599 ;; Data sizes:     COMRAM   BANK0   BANK1   BANK2
   600 ;;      Params:         0       0       0       0
   601 ;;      Locals:         0       0       0       0
   602 ;;      Temps:          0       0       0       0
   603 ;;      Totals:         0       0       0       0
   604 ;;Total ram usage:        0 bytes
   605 ;; Hardware stack levels required when called:    1
   606 ;; This function calls:
   607 ;;		_init_TIMER5
   608 ;; This function is called by:
   609 ;;		Startup code after reset
   610 ;; This function uses a non-reentrant model
   611 ;;
   612                           psect	text0,class=CODE,space=0,reloc=2,group=0
   613                           	file	"centre.c"
   614                           	line	27
   615                           global __ptext0
   616                           __ptext0:
   617  001FE8                     psect	text0
   618                           	file	"centre.c"
   619                           	line	27
   620                           	global	__size_of_main
   621                           	__size_of_main	equ	__end_of_main-_main
   622  0000                     	
   623                           _main:
   624  001FE8                     ;incstack = 0
   625                           	opt	stack 30
   626                           	line	29
   627                           	
   628                           l696:
   629  001FE8                     ;centre.c: 29:     init_TIMER5();
   630                           	call	_init_TIMER5	;wreg free
   631  001FE8  ECF8  F00F         	line	30
   632                           	
   633                           l10:
   634  001FEC                     	global	start
   635                           	goto	start
   636  001FEC  EF00  F000         	opt stack 0
   637                           GLOBAL	__end_of_main
   638                           	__end_of_main:
   639  001FF0                     	signat	_main,89
   640                           	global	_init_TIMER5
   641                           
   642 ;; *************** function _init_TIMER5 *****************
   643 ;; Defined at:
   644 ;;		line 8 in file "centre.c"
   645 ;; Parameters:    Size  Location     Type
   646 ;;		None
   647 ;; Auto vars:     Size  Location     Type
   648 ;;		None
   649 ;; Return value:  Size  Location     Type
   650 ;;                  1    wreg      void 
   651 ;; Registers used:
   652 ;;		wreg, status,2
   653 ;; Tracked objects:
   654 ;;		On entry : 0/0
   655 ;;		On exit  : 0/0
   656 ;;		Unchanged: 0/0
   657 ;; Data sizes:     COMRAM   BANK0   BANK1   BANK2
   658 ;;      Params:         0       0       0       0
   659 ;;      Locals:         0       0       0       0
   660 ;;      Temps:          0       0       0       0
   661 ;;      Totals:         0       0       0       0
   662 ;;Total ram usage:        0 bytes
   663 ;; Hardware stack levels used:    1
   664 ;; This function calls:
   665 ;;		Nothing
   666 ;; This function is called by:
   667 ;;		_main
   668 ;; This function uses a non-reentrant model
   669 ;;
   670                           psect	text1,class=CODE,space=0,reloc=2,group=0
   671                           	line	8
   672                           global __ptext1
   673                           __ptext1:
   674  001FF0                     psect	text1
   675                           	file	"centre.c"
   676                           	line	8
   677                           	global	__size_of_init_TIMER5
   678                           	__size_of_init_TIMER5	equ	__end_of_init_TIMER5-_init_TIMER5
   679  0000                     	
   680                           _init_TIMER5:
   681  001FF0                     ;incstack = 0
   682                           	opt	stack 30
   683                           	line	14
   684                           	
   685                           l686:
   686  001FF0                     ;centre.c: 14:     T5CONbits.T5SEN = 0;
   687                           	bcf	((c:4023)),c,7	;volatile
   688  001FF0  9EB7               	line	16
   689                           ;centre.c: 16:     T5CONbits.RESEN = 0;
   690                           	bcf	((c:4023)),c,6	;volatile
   691  001FF2  9CB7               	line	17
   692                           	
   693                           l688:
   694  001FF4                     ;centre.c: 17:     T5CONbits.T5PS = 0b00;
   695                           	movlw	((0 & ((1<<2)-1))<<3)|not (((1<<2)-1)<<3)
   696  001FF4  0EE7               	andwf	((c:4023)),c	;volatile
   697  001FF6  16B7               	line	18
   698                           	
   699                           l690:
   700  001FF8                     ;centre.c: 18:     T5CONbits.T5SYNC = 0;
   701                           	bcf	((c:4023)),c,2	;volatile
   702  001FF8  94B7               	line	19
   703                           	
   704                           l692:
   705  001FFA                     ;centre.c: 19:     T5CONbits.T5MOD = 0;
   706                           	bcf	((c:4023)),c,5	;volatile
   707  001FFA  9AB7               	line	20
   708                           	
   709                           l694:
   710  001FFC                     ;centre.c: 20:     T5CONbits.T5MOD = 0;
   711                           	bcf	((c:4023)),c,5	;volatile
   712  001FFC  9AB7               	line	24
   713                           	
   714                           l5:
   715  001FFE                     	return	;funcret
   716  001FFE  0012               	opt stack 0
   717                           GLOBAL	__end_of_init_TIMER5
   718                           	__end_of_init_TIMER5:
   719  002000                     	signat	_init_TIMER5,89
   720                           	GLOBAL	__activetblptr
   721                           __activetblptr	EQU	0
   722  0000                     	psect	intsave_regs,class=BIGRAM,space=1,noexec
   723                           	PSECT	rparam,class=COMRAM,space=1,noexec
   724                           	GLOBAL	__Lrparam
   725                           	FNCONF	rparam,??,?
   726                           	GLOBAL	___rparam_used
   727                           	___rparam_used EQU 1
   728  0000                     	GLOBAL	___param_bank
   729                           	___param_bank EQU 0
   730  0000                     GLOBAL	__Lparam, __Hparam
   731                           GLOBAL	__Lrparam, __Hrparam
   732                           __Lparam	EQU	__Lrparam
   733  0000                     __Hparam	EQU	__Hrparam
   734  0000                     	end


Data Sizes:
    Strings     0
    Constant    0
    Data        0
    BSS         0
    Persistent  0
    Stack       0

Auto Spaces:
    Space          Size  Autos    Used
    COMRAM           95      0       0
    BANK0           160      0       0
    BANK1           256      0       0
    BANK2           256      0       0

Pointer List with Targets:

    None.

Critical Paths under _main in COMRAM

    None.

Critical Paths under _main in BANK0

    None.

Critical Paths under _main in BANK1

    None.

Critical Paths under _main in BANK2

    None.

Call Graph Tables:

 ---------------------------------------------------------------------------------
 (Depth) Function   	        Calls       Base Space   Used Autos Params    Refs
 ---------------------------------------------------------------------------------
 (0) _main                                                 0     0      0       0
                        _init_TIMER5
 ---------------------------------------------------------------------------------
 (1) _init_TIMER5                                          0     0      0       0
 ---------------------------------------------------------------------------------
 Estimated maximum stack depth 1
 ---------------------------------------------------------------------------------

 Call Graph Graphs:

 _main (ROOT)
   _init_TIMER5

 Address spaces:
Name               Size   Autos  Total    Cost      Usage
BITCOMRAM           5F      0       0       0        0.0%
EEDATA             100      0       0       0        0.0%
NULL                 0      0       0       0        0.0%
CODE                 0      0       0       0        0.0%
COMRAM              5F      0       0       1        0.0%
STACK                0      0       0       2        0.0%
ABS                  0      0       0       3        0.0%
BITBANK0            A0      0       0       4        0.0%
BANK0               A0      0       0       5        0.0%
BITBANK1           100      0       0       6        0.0%
BANK1              100      0       0       7        0.0%
BITBANK2           100      0       0       8        0.0%
BANK2              100      0       0       9        0.0%
BIGRAM             2FF      0       0      10        0.0%
DATA                 0      0       0      11        0.0%
BITSFR               0      0       0     200        0.0%
SFR                  0      0       0     200        0.0%


Microchip Technology PIC18 Macro Assembler V2.00 build -1524193055 
Symbol Table                                                                                   Thu Nov 22 12:23:57 2018

                      l5 1FFE                       l10 1FEC                      l690 1FF8  
                    l692 1FFA                      l694 1FFC                      l686 1FF0  
                    l688 1FF4                      l696 1FE8                     _main 1FE8  
                   start 0000             ?_init_TIMER5 0000             ___param_bank 000000  
                  ?_main 0000          __initialization 1FE2             __end_of_main 1FF0  
                 ??_main 0000            __activetblptr 000000               __accesstop 0060  
__end_of__initialization 1FE2            ___rparam_used 000001           __pcstackCOMRAM 0000  
   __size_of_init_TIMER5 0010                  __Hparam 0000                  __Lparam 0000  
                __pcinit 1FE2                  __ramtop 0300                  __ptext0 1FE8  
                __ptext1 1FF0                _T5CONbits 000FB7     end_of_initialization 1FE2  
    start_initialization 1FE2            ??_init_TIMER5 0000      __end_of_init_TIMER5 2000  
               __Hrparam 0000              _init_TIMER5 1FF0                 __Lrparam 0000  
          __size_of_main 0008  
